{"message":"   CODE: 404\n MESSAGE: ","level":"error"}
{"message":"   CODE: 404\n MESSAGE: Bad result","level":"error"}
{"message":"   CODE: 404\n MESSAGE: Tasks not found","level":"error"}
{"message":"   CODE: 404\n MESSAGE: Tasks not found","level":"error"}
{"message":"   CODE: 404\n MESSAGE: Task not found","level":"error"}
{"message":"   CODE: 404\n MESSAGE: Bad result","level":"error"}
{"message":"   CODE: 404\n MESSAGE: Board not found","level":"error"}
{"message":"   CODE: 404\n MESSAGE: Bad result","level":"error"}
{"message":"   CODE: 404\n MESSAGE: Task not found","level":"error"}
{"message":"   CODE: 404\n MESSAGE: Task not found","level":"error"}
{"message":"   CODE: 404\n MESSAGE: Task not found","level":"error"}
{"message":"   CODE: 404\n MESSAGE: Board not found","level":"error"}
{"message":"   CODE: 404\n MESSAGE: Task not found","level":"error"}
{"message":"   CODE: 404\n MESSAGE: Board not found","level":"error"}
{"message":"   CODE: 404\n MESSAGE: ","level":"error"}
{"message":"   CODE: 404\n MESSAGE: ","level":"error"}
{"message":"   CODE: 404\n MESSAGE: ","level":"error"}
{"message":"   CODE: 404\n MESSAGE: Board not found","level":"error"}
{"message":"   CODE: 404\n MESSAGE: ","level":"error"}
{"message":"   CODE: 404\n MESSAGE: Board not found","level":"error"}
{"message":"   CODE: 404\n MESSAGE: ","level":"error"}
{"message":"   CODE: 401\n MESSAGE: ","level":"error"}
{"message":"   CODE: 404\n MESSAGE: Board not found","level":"error"}
{"message":"   CODE: 404\n MESSAGE: Board not found","level":"error"}
{"message":"   CODE: 404\n MESSAGE: ","level":"error"}
{"message":"   CODE: 404\n MESSAGE: Board not found","level":"error"}
{"message":"   CODE: 404\n MESSAGE: Board not found","level":"error"}
{"message":"   CODE: 404\n MESSAGE: ","level":"error"}
{"message":"   CODE: 404\n MESSAGE: Bad result","level":"error"}
{"message":"   CODE: 404\n MESSAGE: Bad result","level":"error"}
{"message":"   CODE: 404\n MESSAGE: Bad result","level":"error"}
{"message":"   CODE: 404\n MESSAGE: Bad result","level":"error"}
{"message":"   CODE: 404\n MESSAGE: Bad result","level":"error"}
{"message":"   CODE: 404\n MESSAGE: Task not found","level":"error"}
{"message":"   CODE: 404\n MESSAGE: Task not found","level":"error"}
{"message":"   CODE: 404\n MESSAGE: Task not found","level":"error"}
{"message":"   CODE: 404\n MESSAGE: Task not found","level":"error"}
{"message":"   CODE: 404\n MESSAGE: Task not found","level":"error"}
{"message":"   CODE: 404\n MESSAGE: Board not found","level":"error"}
{"message":"   CODE: 404\n MESSAGE: Task not found","level":"error"}
{"message":"   CODE: 404\n MESSAGE: Task not found","level":"error"}
{"message":"   CODE: 404\n MESSAGE: Task not found","level":"error"}
{"message":"   CODE: 404\n MESSAGE: Task not found","level":"error"}
{"message":"   CODE: 404\n MESSAGE: Task not found","level":"error"}
{"message":"   CODE: 404\n MESSAGE: Board not found","level":"error"}
{"message":"   CODE: 404\n MESSAGE: ","level":"error"}
{"message":"   CODE: 404\n MESSAGE: bad result","level":"error"}
{"message":"   CODE: 404\n MESSAGE: User not found","level":"error"}
{"message":"   CODE: 404\n MESSAGE: Board not found","level":"error"}
{"message":"   CODE: 404\n MESSAGE: bad result","level":"error"}
{"message":"   CODE: 404\n MESSAGE: Board not found","level":"error"}
{"message":"   CODE: 404\n MESSAGE: bad result","level":"error"}
{"message":"   CODE: 401\n MESSAGE: bad result","level":"error"}
{"message":"   CODE: 404\n MESSAGE: User not found","level":"error"}
{"message":"   CODE: 404\n MESSAGE: Board not found","level":"error"}
{"message":"   CODE: 404\n MESSAGE: bad result","level":"error"}
{"message":"   CODE: 404\n MESSAGE: Board not found","level":"error"}
{"message":"   CODE: 404\n MESSAGE: bad result","level":"error"}
{"message":"   CODE: 404\n MESSAGE: ","level":"error"}
{"message":"   CODE: 404\n MESSAGE: Bad result","level":"error"}
{"message":"   CODE: 404\n MESSAGE: Bad result","level":"error"}
{"message":"   CODE: 404\n MESSAGE: Board not found","level":"error"}
{"message":"   CODE: 404\n MESSAGE: Task not found","level":"error"}
{"message":"   CODE: 404\n MESSAGE: Task not found","level":"error"}
{"message":"   CODE: 404\n MESSAGE: Board not found","level":"error"}
{"message":"   CODE: 404\n MESSAGE: Board not found","level":"error"}
{"message":"   CODE: 404\n MESSAGE: Board not found","level":"error"}
{"message":"   CODE: 404\n MESSAGE: Board not found","level":"error"}
{"message":"   CODE: 404\n MESSAGE: Board not found","level":"error"}
{"message":"   CODE: 404\n MESSAGE: Board not found","level":"error"}
{"message":"   CODE: 404\n MESSAGE: Board not found","level":"error"}
{"message":"   CODE: 404\n MESSAGE: Board not found","level":"error"}
{"message":"   CODE: 404\n MESSAGE: Board not found","level":"error"}
{"message":"   CODE: 404\n MESSAGE: Tasks not found","level":"error"}
{"message":"   CODE: 404\n MESSAGE: Tasks not found","level":"error"}
{"message":"   CODE: 404\n MESSAGE: Board not found","level":"error"}
{"message":"   CODE: 404\n MESSAGE: Task not found","level":"error"}
{"message":"   CODE: 404\n MESSAGE: Task not found","level":"error"}
{"message":"   CODE: 404\n MESSAGE: Task not found","level":"error"}
{"message":"   CODE: 404\n MESSAGE: Task not found","level":"error"}
{"message":"   CODE: 404\n MESSAGE: Board not found","level":"error"}
{"message":"   CODE: 404\n MESSAGE: Task not found","level":"error"}
{"message":"   CODE: 404\n MESSAGE: Task not found","level":"error"}
{"message":"   CODE: 404\n MESSAGE: Task not found","level":"error"}
{"message":"   CODE: 404\n MESSAGE: Task not found","level":"error"}
{"message":"   CODE: 404\n MESSAGE: Task not found","level":"error"}
{"message":"   CODE: 404\n MESSAGE: Task not found","level":"error"}
{"message":"   CODE: 404\n MESSAGE: Task not found","level":"error"}
{"message":"   CODE: 404\n MESSAGE: Task not found","level":"error"}
{"message":"   CODE: 404\n MESSAGE: Task not found","level":"error"}
{"message":"   CODE: 404\n MESSAGE: Task not found","level":"error"}
{"message":"   CODE: 404\n MESSAGE: Task not found","level":"error"}
{"message":"   CODE: 404\n MESSAGE: Task not found","level":"error"}
{"message":"   CODE: 404\n MESSAGE: Task not found","level":"error"}
{"message":"   CODE: 404\n MESSAGE: Board not found","level":"error"}
{"message":"   CODE: 404\n MESSAGE: Task not found","level":"error"}
{"message":"   CODE: 404\n MESSAGE: Task not found","level":"error"}
{"message":"   CODE: 404\n MESSAGE: Task not found","level":"error"}
{"message":"   CODE: 404\n MESSAGE: Task not found","level":"error"}
{"message":"   CODE: 404\n MESSAGE: Task not found","level":"error"}
{"message":"   CODE: 404\n MESSAGE: Task not found","level":"error"}
{"message":"   CODE: 404\n MESSAGE: Board not found","level":"error"}
{"message":"   CODE: 404\n MESSAGE: Task not found","level":"error"}
{"message":"   CODE: 404\n MESSAGE: Task not found","level":"error"}
{"message":"   CODE: 404\n MESSAGE: Task not found","level":"error"}
{"message":"   CODE: 404\n MESSAGE: Task not found","level":"error"}
{"message":"   CODE: 404\n MESSAGE: Task not found","level":"error"}
{"message":"   \n CODE: 404\n MESSAGE: Task not found","level":"error"}
{"message":"   \n CODE: 404\n MESSAGE: Board not found","level":"error"}
{"message":"   \n CODE: 404\n MESSAGE: Task not found","level":"error"}
{"message":"   \n CODE: 404\n MESSAGE: Task not found","level":"error"}
{"message":"   \n CODE: 404\n MESSAGE: Task not found","level":"error"}
{"message":"   \n CODE: 404\n MESSAGE: Task not found","level":"error"}
{"message":"   \n CODE: 404\n MESSAGE: Task not found","level":"error"}
{"message":"   CODE: 404\n MESSAGE: Tasks not found","level":"error"}
{"message":"   CODE: 404\n MESSAGE: Tasks not found","level":"error"}
{"message":"   CODE: 404\n MESSAGE: Tasks not found","level":"error"}
{"message":"   CODE: 404\n MESSAGE: Tasks not found","level":"error"}
{"message":"   CODE: 404\n MESSAGE: Tasks not found","level":"error"}
